2025-08-10T10:20:39.805+06:00  INFO 1776 --- [phonebook] [main] c.p.s.phonebook.PhonebookApplication     : Starting PhonebookApplication using Java 24.0.1 with PID 1776 (E:\PHONEBOOK\phonebook_backend\phonebook\target\classes started by Fatihun Raiyan Khan in E:\PHONEBOOK\phonebook_backend\phonebook)
2025-08-10T10:20:39.819+06:00  INFO 1776 --- [phonebook] [main] c.p.s.phonebook.PhonebookApplication     : The following 1 profile is active: "dev"
2025-08-10T10:20:41.769+06:00  INFO 1776 --- [phonebook] [main] .s.d.r.c.RepositoryConfigurationDelegate : Bootstrapping Spring Data JPA repositories in DEFAULT mode.
2025-08-10T10:20:41.975+06:00  INFO 1776 --- [phonebook] [main] .s.d.r.c.RepositoryConfigurationDelegate : Finished Spring Data repository scanning in 182 ms. Found 1 JPA repository interface.
2025-08-10T10:20:43.355+06:00  INFO 1776 --- [phonebook] [main] o.s.boot.tomcat.TomcatWebServer          : Tomcat initialized with port 8080 (http)
2025-08-10T10:20:43.393+06:00  INFO 1776 --- [phonebook] [main] o.apache.catalina.core.StandardService   : Starting service [Tomcat]
2025-08-10T10:20:43.394+06:00  INFO 1776 --- [phonebook] [main] o.apache.catalina.core.StandardEngine    : Starting Servlet engine: [Apache Tomcat/11.0.9]
2025-08-10T10:20:43.594+06:00  INFO 1776 --- [phonebook] [main] b.w.c.s.WebApplicationContextInitializer : Root WebApplicationContext: initialization completed in 3629 ms
2025-08-10T10:20:44.537+06:00  INFO 1776 --- [phonebook] [main] o.hibernate.jpa.internal.util.LogHelper  : HHH000204: Processing PersistenceUnitInfo [name: default]
2025-08-10T10:20:44.666+06:00  INFO 1776 --- [phonebook] [main] org.hibernate.Version                    : HHH000412: Hibernate ORM core version 7.0.7.Final
2025-08-10T10:20:46.042+06:00  INFO 1776 --- [phonebook] [main] o.s.o.j.p.SpringPersistenceUnitInfo      : No LoadTimeWeaver setup: ignoring JPA class transformer
2025-08-10T10:20:46.131+06:00  INFO 1776 --- [phonebook] [main] com.zaxxer.hikari.HikariDataSource       : HikariPool-1 - Starting...
2025-08-10T10:20:47.427+06:00  INFO 1776 --- [phonebook] [main] com.zaxxer.hikari.pool.HikariPool        : HikariPool-1 - Added connection ConnectionID:1 ClientConnectionId: 10abbea7-5fb9-49cd-83b5-fe79ba761964
2025-08-10T10:20:47.432+06:00  INFO 1776 --- [phonebook] [main] com.zaxxer.hikari.HikariDataSource       : HikariPool-1 - Start completed.
2025-08-10T10:20:48.002+06:00  WARN 1776 --- [phonebook] [main] org.hibernate.orm.deprecation            : HHH90000025: SQLServerDialect does not need to be specified explicitly using 'hibernate.dialect' (remove the property setting and it will be selected by default)
2025-08-10T10:20:48.065+06:00  INFO 1776 --- [phonebook] [main] org.hibernate.orm.connections.pooling    : HHH10001005: Database info:
	Database JDBC URL [jdbc:sqlserver://localhost:1433;connectRetryInterval=10;connectRetryCount=1;maxResultBuffer=-1;sendTemporalDataTypesAsStringForBulkCopy=true;delayLoadingLobs=true;useFmtOnly=false;cacheBulkCopyMetadata=false;bulkCopyForBatchInsertAllowEncryptedValueModifications=false;bulkCopyForBatchInsertTableLock=false;bulkCopyForBatchInsertKeepNulls=false;bulkCopyForBatchInsertKeepIdentity=false;bulkCopyForBatchInsertFireTriggers=false;bulkCopyForBatchInsertCheckConstraints=false;bulkCopyForBatchInsertBatchSize=0;useBulkCopyForBatchInsert=false;cancelQueryTimeout=-1;sslProtocol=TLS;calcBigDecimalPrecision=false;useDefaultJaasConfig=false;jaasConfigurationName=SQLJDBCDriver;statementPoolingCacheSize=0;serverPreparedStatementDiscardThreshold=10;enablePrepareOnFirstPreparedStatementCall=false;fips=false;socketTimeout=0;authentication=NotSpecified;authenticationScheme=nativeAuthentication;xopenStates=false;datetimeParameterType=datetime2;sendTimeAsDatetime=true;replication=false;trustStoreType=JKS;trustServerCertificate=true;TransparentNetworkIPResolution=true;iPAddressPreference=IPv4First;serverNameAsACE=false;sendStringParametersAsUnicode=true;selectMethod=direct;responseBuffering=adaptive;queryTimeout=-1;packetSize=8000;multiSubnetFailover=false;loginTimeout=30;lockTimeout=-1;lastUpdateCount=true;useDefaultGSSCredential=false;prepareMethod=prepexec;encrypt=false;disableStatementPooling=true;databaseName=PHONEBOOK;columnEncryptionSetting=Disabled;applicationName=Microsoft JDBC Driver for SQL Server;applicationIntent=readwrite;]
	Database driver: Microsoft JDBC Driver 12.10 for SQL Server
	Database version: 16.0
	Autocommit mode: undefined/unknown
	Isolation level: READ_COMMITTED [default READ_COMMITTED]
	Pool: DatasourceConnectionProviderImpl
	Minimum pool size: undefined/unknown
	Maximum pool size: undefined/unknown
2025-08-10T10:20:50.728+06:00  INFO 1776 --- [phonebook] [main] o.h.e.t.j.p.i.JtaPlatformInitiator       : HHH000489: No JTA platform available (set 'hibernate.transaction.jta.platform' to enable JTA platform integration)
2025-08-10T10:20:50.744+06:00  INFO 1776 --- [phonebook] [main] j.LocalContainerEntityManagerFactoryBean : Initialized JPA EntityManagerFactory for persistence unit 'default'
2025-08-10T10:20:51.041+06:00  INFO 1776 --- [phonebook] [main] o.s.d.j.r.query.QueryEnhancerFactories   : Hibernate is in classpath; If applicable, HQL parser will be used.
2025-08-10T10:20:55.809+06:00  WARN 1776 --- [phonebook] [main] JpaBaseConfiguration$JpaWebConfiguration : spring.jpa.open-in-view is enabled by default. Therefore, database queries may be performed during view rendering. Explicitly configure spring.jpa.open-in-view to disable this warning
2025-08-10T10:20:56.845+06:00  INFO 1776 --- [phonebook] [main] o.s.boot.tomcat.TomcatWebServer          : Tomcat started on port 8080 (http) with context path '/'
2025-08-10T10:20:56.863+06:00  INFO 1776 --- [phonebook] [main] c.p.s.phonebook.PhonebookApplication     : Started PhonebookApplication in 18.466 seconds (process running for 20.091)
2025-08-10T10:23:25.105+06:00  INFO 1776 --- [phonebook] [http-nio-8080-exec-2] o.a.c.c.C.[Tomcat].[localhost].[/]       : Initializing Spring DispatcherServlet 'dispatcherServlet'
2025-08-10T10:23:25.106+06:00  INFO 1776 --- [phonebook] [http-nio-8080-exec-2] o.s.web.servlet.DispatcherServlet        : Initializing Servlet 'dispatcherServlet'
2025-08-10T10:23:25.112+06:00  INFO 1776 --- [phonebook] [http-nio-8080-exec-2] o.s.web.servlet.DispatcherServlet        : Completed initialization in 6 ms
2025-08-10T12:46:52.937+06:00  INFO 1776 --- [phonebook] [SpringApplicationShutdownHook] o.s.boot.tomcat.GracefulShutdown         : Commencing graceful shutdown. Waiting for active requests to complete
2025-08-10T12:46:53.030+06:00  INFO 1776 --- [phonebook] [tomcat-shutdown] o.s.boot.tomcat.GracefulShutdown         : Graceful shutdown complete
2025-08-10T12:46:53.067+06:00  INFO 1776 --- [phonebook] [SpringApplicationShutdownHook] j.LocalContainerEntityManagerFactoryBean : Closing JPA EntityManagerFactory for persistence unit 'default'
2025-08-10T12:46:53.110+06:00  INFO 1776 --- [phonebook] [SpringApplicationShutdownHook] com.zaxxer.hikari.HikariDataSource       : HikariPool-1 - Shutdown initiated...
2025-08-10T12:46:53.133+06:00  INFO 1776 --- [phonebook] [SpringApplicationShutdownHook] com.zaxxer.hikari.HikariDataSource       : HikariPool-1 - Shutdown completed.
2025-08-10T13:24:20.316+06:00  INFO 4824 --- [phonebook] [main] c.p.s.phonebook.PhonebookApplication     : Starting PhonebookApplication using Java 24.0.1 with PID 4824 (E:\PHONEBOOK\phonebook_backend\phonebook\target\classes started by Fatihun Raiyan Khan in E:\PHONEBOOK\phonebook_backend\phonebook)
2025-08-10T13:24:20.321+06:00  INFO 4824 --- [phonebook] [main] c.p.s.phonebook.PhonebookApplication     : The following 1 profile is active: "dev"
2025-08-10T13:24:21.495+06:00  INFO 4824 --- [phonebook] [main] .s.d.r.c.RepositoryConfigurationDelegate : Bootstrapping Spring Data JPA repositories in DEFAULT mode.
2025-08-10T13:24:21.600+06:00  INFO 4824 --- [phonebook] [main] .s.d.r.c.RepositoryConfigurationDelegate : Finished Spring Data repository scanning in 87 ms. Found 1 JPA repository interface.
2025-08-10T13:24:22.403+06:00  INFO 4824 --- [phonebook] [main] o.s.boot.tomcat.TomcatWebServer          : Tomcat initialized with port 8080 (http)
2025-08-10T13:24:22.427+06:00  INFO 4824 --- [phonebook] [main] o.apache.catalina.core.StandardService   : Starting service [Tomcat]
2025-08-10T13:24:22.427+06:00  INFO 4824 --- [phonebook] [main] o.apache.catalina.core.StandardEngine    : Starting Servlet engine: [Apache Tomcat/11.0.9]
2025-08-10T13:24:22.528+06:00  INFO 4824 --- [phonebook] [main] b.w.c.s.WebApplicationContextInitializer : Root WebApplicationContext: initialization completed in 2108 ms
2025-08-10T13:24:23.037+06:00  INFO 4824 --- [phonebook] [main] o.hibernate.jpa.internal.util.LogHelper  : HHH000204: Processing PersistenceUnitInfo [name: default]
2025-08-10T13:24:23.166+06:00  INFO 4824 --- [phonebook] [main] org.hibernate.Version                    : HHH000412: Hibernate ORM core version 7.0.7.Final
2025-08-10T13:24:23.955+06:00  INFO 4824 --- [phonebook] [main] o.s.o.j.p.SpringPersistenceUnitInfo      : No LoadTimeWeaver setup: ignoring JPA class transformer
2025-08-10T13:24:23.998+06:00  INFO 4824 --- [phonebook] [main] com.zaxxer.hikari.HikariDataSource       : HikariPool-1 - Starting...
2025-08-10T13:24:24.527+06:00  INFO 4824 --- [phonebook] [main] com.zaxxer.hikari.pool.HikariPool        : HikariPool-1 - Added connection ConnectionID:1 ClientConnectionId: ee6815cc-7590-4970-a0a4-83a4a4c37a56
2025-08-10T13:24:24.528+06:00  INFO 4824 --- [phonebook] [main] com.zaxxer.hikari.HikariDataSource       : HikariPool-1 - Start completed.
2025-08-10T13:24:24.675+06:00  WARN 4824 --- [phonebook] [main] org.hibernate.orm.deprecation            : HHH90000025: SQLServerDialect does not need to be specified explicitly using 'hibernate.dialect' (remove the property setting and it will be selected by default)
2025-08-10T13:24:24.709+06:00  INFO 4824 --- [phonebook] [main] org.hibernate.orm.connections.pooling    : HHH10001005: Database info:
	Database JDBC URL [jdbc:sqlserver://localhost:1433;connectRetryInterval=10;connectRetryCount=1;maxResultBuffer=-1;sendTemporalDataTypesAsStringForBulkCopy=true;delayLoadingLobs=true;useFmtOnly=false;cacheBulkCopyMetadata=false;bulkCopyForBatchInsertAllowEncryptedValueModifications=false;bulkCopyForBatchInsertTableLock=false;bulkCopyForBatchInsertKeepNulls=false;bulkCopyForBatchInsertKeepIdentity=false;bulkCopyForBatchInsertFireTriggers=false;bulkCopyForBatchInsertCheckConstraints=false;bulkCopyForBatchInsertBatchSize=0;useBulkCopyForBatchInsert=false;cancelQueryTimeout=-1;sslProtocol=TLS;calcBigDecimalPrecision=false;useDefaultJaasConfig=false;jaasConfigurationName=SQLJDBCDriver;statementPoolingCacheSize=0;serverPreparedStatementDiscardThreshold=10;enablePrepareOnFirstPreparedStatementCall=false;fips=false;socketTimeout=0;authentication=NotSpecified;authenticationScheme=nativeAuthentication;xopenStates=false;datetimeParameterType=datetime2;sendTimeAsDatetime=true;replication=false;trustStoreType=JKS;trustServerCertificate=true;TransparentNetworkIPResolution=true;iPAddressPreference=IPv4First;serverNameAsACE=false;sendStringParametersAsUnicode=true;selectMethod=direct;responseBuffering=adaptive;queryTimeout=-1;packetSize=8000;multiSubnetFailover=false;loginTimeout=30;lockTimeout=-1;lastUpdateCount=true;useDefaultGSSCredential=false;prepareMethod=prepexec;encrypt=false;disableStatementPooling=true;databaseName=PHONEBOOK;columnEncryptionSetting=Disabled;applicationName=Microsoft JDBC Driver for SQL Server;applicationIntent=readwrite;]
	Database driver: Microsoft JDBC Driver 12.10 for SQL Server
	Database version: 16.0
	Autocommit mode: undefined/unknown
	Isolation level: READ_COMMITTED [default READ_COMMITTED]
	Pool: DatasourceConnectionProviderImpl
	Minimum pool size: undefined/unknown
	Maximum pool size: undefined/unknown
2025-08-10T13:24:25.780+06:00  INFO 4824 --- [phonebook] [main] o.h.e.t.j.p.i.JtaPlatformInitiator       : HHH000489: No JTA platform available (set 'hibernate.transaction.jta.platform' to enable JTA platform integration)
2025-08-10T13:24:25.789+06:00  INFO 4824 --- [phonebook] [main] j.LocalContainerEntityManagerFactoryBean : Initialized JPA EntityManagerFactory for persistence unit 'default'
2025-08-10T13:24:25.915+06:00  INFO 4824 --- [phonebook] [main] o.s.d.j.r.query.QueryEnhancerFactories   : Hibernate is in classpath; If applicable, HQL parser will be used.
2025-08-10T13:24:27.767+06:00  WARN 4824 --- [phonebook] [main] JpaBaseConfiguration$JpaWebConfiguration : spring.jpa.open-in-view is enabled by default. Therefore, database queries may be performed during view rendering. Explicitly configure spring.jpa.open-in-view to disable this warning
2025-08-10T13:24:28.408+06:00  INFO 4824 --- [phonebook] [main] o.s.boot.tomcat.TomcatWebServer          : Tomcat started on port 8080 (http) with context path '/'
2025-08-10T13:24:28.423+06:00  INFO 4824 --- [phonebook] [main] c.p.s.phonebook.PhonebookApplication     : Started PhonebookApplication in 8.926 seconds (process running for 9.806)
2025-08-10T13:24:35.922+06:00  INFO 4824 --- [phonebook] [http-nio-8080-exec-2] o.a.c.c.C.[Tomcat].[localhost].[/]       : Initializing Spring DispatcherServlet 'dispatcherServlet'
2025-08-10T13:24:35.923+06:00  INFO 4824 --- [phonebook] [http-nio-8080-exec-2] o.s.web.servlet.DispatcherServlet        : Initializing Servlet 'dispatcherServlet'
2025-08-10T13:24:35.927+06:00  INFO 4824 --- [phonebook] [http-nio-8080-exec-2] o.s.web.servlet.DispatcherServlet        : Completed initialization in 4 ms
2025-08-10T13:55:12.602+06:00  WARN 4824 --- [phonebook] [http-nio-8080-exec-9] .w.s.m.s.DefaultHandlerExceptionResolver : Resolved [org.springframework.web.bind.MissingServletRequestParameterException: Required request parameter 'xname' for method parameter type String is not present]
2025-08-10T13:55:39.687+06:00  WARN 4824 --- [phonebook] [http-nio-8080-exec-4] .w.s.m.s.DefaultHandlerExceptionResolver : Resolved [org.springframework.web.bind.MissingServletRequestParameterException: Required request parameter 'xname' for method parameter type String is not present]
2025-08-10T13:56:14.408+06:00  WARN 4824 --- [phonebook] [http-nio-8080-exec-1] .w.s.m.s.DefaultHandlerExceptionResolver : Resolved [org.springframework.web.bind.MissingServletRequestParameterException: Required request parameter 'xname' for method parameter type String is not present]
2025-08-10T13:56:55.154+06:00  WARN 4824 --- [phonebook] [http-nio-8080-exec-8] .w.s.m.s.DefaultHandlerExceptionResolver : Resolved [org.springframework.web.bind.MissingServletRequestParameterException: Required request parameter 'xname' for method parameter type String is not present]
2025-08-10T13:57:00.082+06:00  WARN 4824 --- [phonebook] [http-nio-8080-exec-2] .w.s.m.s.DefaultHandlerExceptionResolver : Resolved [org.springframework.web.bind.MissingServletRequestParameterException: Required request parameter 'xname' for method parameter type String is not present]
2025-08-10T13:58:39.819+06:00  INFO 4824 --- [phonebook] [SpringApplicationShutdownHook] o.s.boot.tomcat.GracefulShutdown         : Commencing graceful shutdown. Waiting for active requests to complete
2025-08-10T13:58:39.835+06:00  INFO 4824 --- [phonebook] [tomcat-shutdown] o.s.boot.tomcat.GracefulShutdown         : Graceful shutdown complete
2025-08-10T13:58:39.847+06:00  INFO 4824 --- [phonebook] [SpringApplicationShutdownHook] j.LocalContainerEntityManagerFactoryBean : Closing JPA EntityManagerFactory for persistence unit 'default'
2025-08-10T13:58:39.867+06:00  INFO 4824 --- [phonebook] [SpringApplicationShutdownHook] com.zaxxer.hikari.HikariDataSource       : HikariPool-1 - Shutdown initiated...
2025-08-10T13:58:39.871+06:00  INFO 4824 --- [phonebook] [SpringApplicationShutdownHook] com.zaxxer.hikari.HikariDataSource       : HikariPool-1 - Shutdown completed.
2025-08-10T13:58:46.195+06:00  INFO 3236 --- [phonebook] [main] c.p.s.phonebook.PhonebookApplication     : Starting PhonebookApplication using Java 24.0.1 with PID 3236 (E:\PHONEBOOK\phonebook_backend\phonebook\target\classes started by Fatihun Raiyan Khan in E:\PHONEBOOK\phonebook_backend\phonebook)
2025-08-10T13:58:46.200+06:00  INFO 3236 --- [phonebook] [main] c.p.s.phonebook.PhonebookApplication     : The following 1 profile is active: "dev"
2025-08-10T13:58:47.400+06:00  INFO 3236 --- [phonebook] [main] .s.d.r.c.RepositoryConfigurationDelegate : Bootstrapping Spring Data JPA repositories in DEFAULT mode.
2025-08-10T13:58:47.494+06:00  INFO 3236 --- [phonebook] [main] .s.d.r.c.RepositoryConfigurationDelegate : Finished Spring Data repository scanning in 80 ms. Found 1 JPA repository interface.
2025-08-10T13:58:48.278+06:00  INFO 3236 --- [phonebook] [main] o.s.boot.tomcat.TomcatWebServer          : Tomcat initialized with port 8080 (http)
2025-08-10T13:58:48.303+06:00  INFO 3236 --- [phonebook] [main] o.apache.catalina.core.StandardService   : Starting service [Tomcat]
2025-08-10T13:58:48.305+06:00  INFO 3236 --- [phonebook] [main] o.apache.catalina.core.StandardEngine    : Starting Servlet engine: [Apache Tomcat/11.0.9]
2025-08-10T13:58:48.393+06:00  INFO 3236 --- [phonebook] [main] b.w.c.s.WebApplicationContextInitializer : Root WebApplicationContext: initialization completed in 2103 ms
2025-08-10T13:58:48.762+06:00  INFO 3236 --- [phonebook] [main] o.hibernate.jpa.internal.util.LogHelper  : HHH000204: Processing PersistenceUnitInfo [name: default]
2025-08-10T13:58:48.859+06:00  INFO 3236 --- [phonebook] [main] org.hibernate.Version                    : HHH000412: Hibernate ORM core version 7.0.7.Final
2025-08-10T13:58:49.622+06:00  INFO 3236 --- [phonebook] [main] o.s.o.j.p.SpringPersistenceUnitInfo      : No LoadTimeWeaver setup: ignoring JPA class transformer
2025-08-10T13:58:49.673+06:00  INFO 3236 --- [phonebook] [main] com.zaxxer.hikari.HikariDataSource       : HikariPool-1 - Starting...
2025-08-10T13:58:50.204+06:00  INFO 3236 --- [phonebook] [main] com.zaxxer.hikari.pool.HikariPool        : HikariPool-1 - Added connection ConnectionID:1 ClientConnectionId: 8bd1c052-f291-4928-adc4-3bd4840fceec
2025-08-10T13:58:50.207+06:00  INFO 3236 --- [phonebook] [main] com.zaxxer.hikari.HikariDataSource       : HikariPool-1 - Start completed.
2025-08-10T13:58:50.315+06:00  WARN 3236 --- [phonebook] [main] org.hibernate.orm.deprecation            : HHH90000025: SQLServerDialect does not need to be specified explicitly using 'hibernate.dialect' (remove the property setting and it will be selected by default)
2025-08-10T13:58:50.359+06:00  INFO 3236 --- [phonebook] [main] org.hibernate.orm.connections.pooling    : HHH10001005: Database info:
	Database JDBC URL [jdbc:sqlserver://localhost:1433;connectRetryInterval=10;connectRetryCount=1;maxResultBuffer=-1;sendTemporalDataTypesAsStringForBulkCopy=true;delayLoadingLobs=true;useFmtOnly=false;cacheBulkCopyMetadata=false;bulkCopyForBatchInsertAllowEncryptedValueModifications=false;bulkCopyForBatchInsertTableLock=false;bulkCopyForBatchInsertKeepNulls=false;bulkCopyForBatchInsertKeepIdentity=false;bulkCopyForBatchInsertFireTriggers=false;bulkCopyForBatchInsertCheckConstraints=false;bulkCopyForBatchInsertBatchSize=0;useBulkCopyForBatchInsert=false;cancelQueryTimeout=-1;sslProtocol=TLS;calcBigDecimalPrecision=false;useDefaultJaasConfig=false;jaasConfigurationName=SQLJDBCDriver;statementPoolingCacheSize=0;serverPreparedStatementDiscardThreshold=10;enablePrepareOnFirstPreparedStatementCall=false;fips=false;socketTimeout=0;authentication=NotSpecified;authenticationScheme=nativeAuthentication;xopenStates=false;datetimeParameterType=datetime2;sendTimeAsDatetime=true;replication=false;trustStoreType=JKS;trustServerCertificate=true;TransparentNetworkIPResolution=true;iPAddressPreference=IPv4First;serverNameAsACE=false;sendStringParametersAsUnicode=true;selectMethod=direct;responseBuffering=adaptive;queryTimeout=-1;packetSize=8000;multiSubnetFailover=false;loginTimeout=30;lockTimeout=-1;lastUpdateCount=true;useDefaultGSSCredential=false;prepareMethod=prepexec;encrypt=false;disableStatementPooling=true;databaseName=PHONEBOOK;columnEncryptionSetting=Disabled;applicationName=Microsoft JDBC Driver for SQL Server;applicationIntent=readwrite;]
	Database driver: Microsoft JDBC Driver 12.10 for SQL Server
	Database version: 16.0
	Autocommit mode: undefined/unknown
	Isolation level: READ_COMMITTED [default READ_COMMITTED]
	Pool: DatasourceConnectionProviderImpl
	Minimum pool size: undefined/unknown
	Maximum pool size: undefined/unknown
2025-08-10T13:58:51.665+06:00  INFO 3236 --- [phonebook] [main] o.h.e.t.j.p.i.JtaPlatformInitiator       : HHH000489: No JTA platform available (set 'hibernate.transaction.jta.platform' to enable JTA platform integration)
2025-08-10T13:58:51.675+06:00  INFO 3236 --- [phonebook] [main] j.LocalContainerEntityManagerFactoryBean : Initialized JPA EntityManagerFactory for persistence unit 'default'
2025-08-10T13:58:51.815+06:00  INFO 3236 --- [phonebook] [main] o.s.d.j.r.query.QueryEnhancerFactories   : Hibernate is in classpath; If applicable, HQL parser will be used.
2025-08-10T13:58:54.317+06:00  WARN 3236 --- [phonebook] [main] JpaBaseConfiguration$JpaWebConfiguration : spring.jpa.open-in-view is enabled by default. Therefore, database queries may be performed during view rendering. Explicitly configure spring.jpa.open-in-view to disable this warning
2025-08-10T13:58:54.998+06:00  INFO 3236 --- [phonebook] [main] o.s.boot.tomcat.TomcatWebServer          : Tomcat started on port 8080 (http) with context path '/'
2025-08-10T13:58:55.009+06:00  INFO 3236 --- [phonebook] [main] c.p.s.phonebook.PhonebookApplication     : Started PhonebookApplication in 9.602 seconds (process running for 10.402)
2025-08-10T13:59:00.567+06:00  INFO 3236 --- [phonebook] [http-nio-8080-exec-1] o.a.c.c.C.[Tomcat].[localhost].[/]       : Initializing Spring DispatcherServlet 'dispatcherServlet'
2025-08-10T13:59:00.567+06:00  INFO 3236 --- [phonebook] [http-nio-8080-exec-1] o.s.web.servlet.DispatcherServlet        : Initializing Servlet 'dispatcherServlet'
2025-08-10T13:59:00.570+06:00  INFO 3236 --- [phonebook] [http-nio-8080-exec-1] o.s.web.servlet.DispatcherServlet        : Completed initialization in 3 ms
2025-08-10T13:59:02.744+06:00  WARN 3236 --- [phonebook] [http-nio-8080-exec-2] .w.s.m.s.DefaultHandlerExceptionResolver : Resolved [org.springframework.web.bind.MissingServletRequestParameterException: Required request parameter 'query' for method parameter type String is not present]
2025-08-10T14:03:25.248+06:00  WARN 3236 --- [phonebook] [http-nio-8080-exec-9] .w.s.m.s.DefaultHandlerExceptionResolver : Resolved [org.springframework.web.bind.MissingServletRequestParameterException: Required request parameter 'id' for method parameter type String is not present]
2025-08-10T14:03:25.987+06:00  WARN 3236 --- [phonebook] [http-nio-8080-exec-1] .w.s.m.s.DefaultHandlerExceptionResolver : Resolved [org.springframework.web.bind.MissingServletRequestParameterException: Required request parameter 'id' for method parameter type String is not present]
2025-08-10T14:03:26.120+06:00  WARN 3236 --- [phonebook] [http-nio-8080-exec-3] .w.s.m.s.DefaultHandlerExceptionResolver : Resolved [org.springframework.web.bind.MissingServletRequestParameterException: Required request parameter 'id' for method parameter type String is not present]
2025-08-10T14:03:26.393+06:00  WARN 3236 --- [phonebook] [http-nio-8080-exec-5] .w.s.m.s.DefaultHandlerExceptionResolver : Resolved [org.springframework.web.bind.MissingServletRequestParameterException: Required request parameter 'id' for method parameter type String is not present]
2025-08-10T14:03:49.979+06:00  INFO 3236 --- [phonebook] [SpringApplicationShutdownHook] o.s.boot.tomcat.GracefulShutdown         : Commencing graceful shutdown. Waiting for active requests to complete
2025-08-10T14:03:49.990+06:00  INFO 3236 --- [phonebook] [tomcat-shutdown] o.s.boot.tomcat.GracefulShutdown         : Graceful shutdown complete
2025-08-10T14:03:49.993+06:00  INFO 3236 --- [phonebook] [SpringApplicationShutdownHook] j.LocalContainerEntityManagerFactoryBean : Closing JPA EntityManagerFactory for persistence unit 'default'
2025-08-10T14:03:49.996+06:00  INFO 3236 --- [phonebook] [SpringApplicationShutdownHook] com.zaxxer.hikari.HikariDataSource       : HikariPool-1 - Shutdown initiated...
2025-08-10T14:03:49.999+06:00  INFO 3236 --- [phonebook] [SpringApplicationShutdownHook] com.zaxxer.hikari.HikariDataSource       : HikariPool-1 - Shutdown completed.
2025-08-10T14:03:58.001+06:00  INFO 17672 --- [phonebook] [main] c.p.s.phonebook.PhonebookApplication     : Starting PhonebookApplication using Java 24.0.1 with PID 17672 (E:\PHONEBOOK\phonebook_backend\phonebook\target\classes started by Fatihun Raiyan Khan in E:\PHONEBOOK\phonebook_backend\phonebook)
2025-08-10T14:03:58.009+06:00  INFO 17672 --- [phonebook] [main] c.p.s.phonebook.PhonebookApplication     : The following 1 profile is active: "dev"
2025-08-10T14:04:00.061+06:00  INFO 17672 --- [phonebook] [main] .s.d.r.c.RepositoryConfigurationDelegate : Bootstrapping Spring Data JPA repositories in DEFAULT mode.
2025-08-10T14:04:00.291+06:00  INFO 17672 --- [phonebook] [main] .s.d.r.c.RepositoryConfigurationDelegate : Finished Spring Data repository scanning in 197 ms. Found 1 JPA repository interface.
2025-08-10T14:04:02.023+06:00  INFO 17672 --- [phonebook] [main] o.s.boot.tomcat.TomcatWebServer          : Tomcat initialized with port 8080 (http)
2025-08-10T14:04:02.059+06:00  INFO 17672 --- [phonebook] [main] o.apache.catalina.core.StandardService   : Starting service [Tomcat]
2025-08-10T14:04:02.061+06:00  INFO 17672 --- [phonebook] [main] o.apache.catalina.core.StandardEngine    : Starting Servlet engine: [Apache Tomcat/11.0.9]
2025-08-10T14:04:02.216+06:00  INFO 17672 --- [phonebook] [main] b.w.c.s.WebApplicationContextInitializer : Root WebApplicationContext: initialization completed in 4021 ms
2025-08-10T14:04:02.768+06:00  INFO 17672 --- [phonebook] [main] o.hibernate.jpa.internal.util.LogHelper  : HHH000204: Processing PersistenceUnitInfo [name: default]
2025-08-10T14:04:02.898+06:00  INFO 17672 --- [phonebook] [main] org.hibernate.Version                    : HHH000412: Hibernate ORM core version 7.0.7.Final
2025-08-10T14:04:04.096+06:00  INFO 17672 --- [phonebook] [main] o.s.o.j.p.SpringPersistenceUnitInfo      : No LoadTimeWeaver setup: ignoring JPA class transformer
2025-08-10T14:04:04.153+06:00  INFO 17672 --- [phonebook] [main] com.zaxxer.hikari.HikariDataSource       : HikariPool-1 - Starting...
2025-08-10T14:04:04.871+06:00  INFO 17672 --- [phonebook] [main] com.zaxxer.hikari.pool.HikariPool        : HikariPool-1 - Added connection ConnectionID:1 ClientConnectionId: 2fb3e525-cab7-4924-9896-fbbf1d020765
2025-08-10T14:04:04.876+06:00  INFO 17672 --- [phonebook] [main] com.zaxxer.hikari.HikariDataSource       : HikariPool-1 - Start completed.
2025-08-10T14:04:05.055+06:00  WARN 17672 --- [phonebook] [main] org.hibernate.orm.deprecation            : HHH90000025: SQLServerDialect does not need to be specified explicitly using 'hibernate.dialect' (remove the property setting and it will be selected by default)
2025-08-10T14:04:05.123+06:00  INFO 17672 --- [phonebook] [main] org.hibernate.orm.connections.pooling    : HHH10001005: Database info:
	Database JDBC URL [jdbc:sqlserver://localhost:1433;connectRetryInterval=10;connectRetryCount=1;maxResultBuffer=-1;sendTemporalDataTypesAsStringForBulkCopy=true;delayLoadingLobs=true;useFmtOnly=false;cacheBulkCopyMetadata=false;bulkCopyForBatchInsertAllowEncryptedValueModifications=false;bulkCopyForBatchInsertTableLock=false;bulkCopyForBatchInsertKeepNulls=false;bulkCopyForBatchInsertKeepIdentity=false;bulkCopyForBatchInsertFireTriggers=false;bulkCopyForBatchInsertCheckConstraints=false;bulkCopyForBatchInsertBatchSize=0;useBulkCopyForBatchInsert=false;cancelQueryTimeout=-1;sslProtocol=TLS;calcBigDecimalPrecision=false;useDefaultJaasConfig=false;jaasConfigurationName=SQLJDBCDriver;statementPoolingCacheSize=0;serverPreparedStatementDiscardThreshold=10;enablePrepareOnFirstPreparedStatementCall=false;fips=false;socketTimeout=0;authentication=NotSpecified;authenticationScheme=nativeAuthentication;xopenStates=false;datetimeParameterType=datetime2;sendTimeAsDatetime=true;replication=false;trustStoreType=JKS;trustServerCertificate=true;TransparentNetworkIPResolution=true;iPAddressPreference=IPv4First;serverNameAsACE=false;sendStringParametersAsUnicode=true;selectMethod=direct;responseBuffering=adaptive;queryTimeout=-1;packetSize=8000;multiSubnetFailover=false;loginTimeout=30;lockTimeout=-1;lastUpdateCount=true;useDefaultGSSCredential=false;prepareMethod=prepexec;encrypt=false;disableStatementPooling=true;databaseName=PHONEBOOK;columnEncryptionSetting=Disabled;applicationName=Microsoft JDBC Driver for SQL Server;applicationIntent=readwrite;]
	Database driver: Microsoft JDBC Driver 12.10 for SQL Server
	Database version: 16.0
	Autocommit mode: undefined/unknown
	Isolation level: READ_COMMITTED [default READ_COMMITTED]
	Pool: DatasourceConnectionProviderImpl
	Minimum pool size: undefined/unknown
	Maximum pool size: undefined/unknown
2025-08-10T14:04:08.004+06:00  INFO 17672 --- [phonebook] [main] o.h.e.t.j.p.i.JtaPlatformInitiator       : HHH000489: No JTA platform available (set 'hibernate.transaction.jta.platform' to enable JTA platform integration)
2025-08-10T14:04:08.023+06:00  INFO 17672 --- [phonebook] [main] j.LocalContainerEntityManagerFactoryBean : Initialized JPA EntityManagerFactory for persistence unit 'default'
2025-08-10T14:04:08.270+06:00  INFO 17672 --- [phonebook] [main] o.s.d.j.r.query.QueryEnhancerFactories   : Hibernate is in classpath; If applicable, HQL parser will be used.
2025-08-10T14:04:11.547+06:00  WARN 17672 --- [phonebook] [main] JpaBaseConfiguration$JpaWebConfiguration : spring.jpa.open-in-view is enabled by default. Therefore, database queries may be performed during view rendering. Explicitly configure spring.jpa.open-in-view to disable this warning
2025-08-10T14:04:12.538+06:00  INFO 17672 --- [phonebook] [main] o.s.boot.tomcat.TomcatWebServer          : Tomcat started on port 8080 (http) with context path '/'
2025-08-10T14:04:12.554+06:00  INFO 17672 --- [phonebook] [main] c.p.s.phonebook.PhonebookApplication     : Started PhonebookApplication in 15.882 seconds (process running for 16.993)
2025-08-10T14:06:08.133+06:00  INFO 17672 --- [phonebook] [http-nio-8080-exec-2] o.a.c.c.C.[Tomcat].[localhost].[/]       : Initializing Spring DispatcherServlet 'dispatcherServlet'
2025-08-10T14:06:08.135+06:00  INFO 17672 --- [phonebook] [http-nio-8080-exec-2] o.s.web.servlet.DispatcherServlet        : Initializing Servlet 'dispatcherServlet'
2025-08-10T14:06:08.139+06:00  INFO 17672 --- [phonebook] [http-nio-8080-exec-2] o.s.web.servlet.DispatcherServlet        : Completed initialization in 3 ms
2025-08-10T18:08:25.670+06:00  INFO 17672 --- [phonebook] [SpringApplicationShutdownHook] o.s.boot.tomcat.GracefulShutdown         : Commencing graceful shutdown. Waiting for active requests to complete
2025-08-10T18:08:25.739+06:00  INFO 17672 --- [phonebook] [tomcat-shutdown] o.s.boot.tomcat.GracefulShutdown         : Graceful shutdown complete
2025-08-10T18:08:25.770+06:00  INFO 17672 --- [phonebook] [SpringApplicationShutdownHook] j.LocalContainerEntityManagerFactoryBean : Closing JPA EntityManagerFactory for persistence unit 'default'
2025-08-10T18:08:25.800+06:00  INFO 17672 --- [phonebook] [SpringApplicationShutdownHook] com.zaxxer.hikari.HikariDataSource       : HikariPool-1 - Shutdown initiated...
2025-08-10T18:08:25.813+06:00  INFO 17672 --- [phonebook] [SpringApplicationShutdownHook] com.zaxxer.hikari.HikariDataSource       : HikariPool-1 - Shutdown completed.
2025-08-10T18:08:32.749+06:00  INFO 2876 --- [phonebook] [main] c.p.s.phonebook.PhonebookApplication     : Starting PhonebookApplication using Java 24.0.1 with PID 2876 (E:\PHONEBOOK\phonebook_backend\phonebook\target\classes started by Fatihun Raiyan Khan in E:\PHONEBOOK\phonebook_backend\phonebook)
2025-08-10T18:08:32.756+06:00  INFO 2876 --- [phonebook] [main] c.p.s.phonebook.PhonebookApplication     : The following 1 profile is active: "dev"
2025-08-10T18:08:33.989+06:00  INFO 2876 --- [phonebook] [main] .s.d.r.c.RepositoryConfigurationDelegate : Bootstrapping Spring Data JPA repositories in DEFAULT mode.
2025-08-10T18:08:34.113+06:00  INFO 2876 --- [phonebook] [main] .s.d.r.c.RepositoryConfigurationDelegate : Finished Spring Data repository scanning in 104 ms. Found 1 JPA repository interface.
2025-08-10T18:08:34.976+06:00  INFO 2876 --- [phonebook] [main] o.s.boot.tomcat.TomcatWebServer          : Tomcat initialized with port 8080 (http)
2025-08-10T18:08:34.997+06:00  INFO 2876 --- [phonebook] [main] o.apache.catalina.core.StandardService   : Starting service [Tomcat]
2025-08-10T18:08:34.998+06:00  INFO 2876 --- [phonebook] [main] o.apache.catalina.core.StandardEngine    : Starting Servlet engine: [Apache Tomcat/11.0.9]
2025-08-10T18:08:35.087+06:00  INFO 2876 --- [phonebook] [main] b.w.c.s.WebApplicationContextInitializer : Root WebApplicationContext: initialization completed in 2219 ms
2025-08-10T18:08:35.599+06:00  INFO 2876 --- [phonebook] [main] o.hibernate.jpa.internal.util.LogHelper  : HHH000204: Processing PersistenceUnitInfo [name: default]
2025-08-10T18:08:35.685+06:00  INFO 2876 --- [phonebook] [main] org.hibernate.Version                    : HHH000412: Hibernate ORM core version 7.0.7.Final
2025-08-10T18:08:36.636+06:00  INFO 2876 --- [phonebook] [main] o.s.o.j.p.SpringPersistenceUnitInfo      : No LoadTimeWeaver setup: ignoring JPA class transformer
2025-08-10T18:08:36.689+06:00  INFO 2876 --- [phonebook] [main] com.zaxxer.hikari.HikariDataSource       : HikariPool-1 - Starting...
2025-08-10T18:08:37.239+06:00  INFO 2876 --- [phonebook] [main] com.zaxxer.hikari.pool.HikariPool        : HikariPool-1 - Added connection ConnectionID:1 ClientConnectionId: 9ae20761-ccb4-4838-96ac-ee717a1ce604
2025-08-10T18:08:37.243+06:00  INFO 2876 --- [phonebook] [main] com.zaxxer.hikari.HikariDataSource       : HikariPool-1 - Start completed.
2025-08-10T18:08:37.417+06:00  WARN 2876 --- [phonebook] [main] org.hibernate.orm.deprecation            : HHH90000025: SQLServerDialect does not need to be specified explicitly using 'hibernate.dialect' (remove the property setting and it will be selected by default)
2025-08-10T18:08:37.451+06:00  INFO 2876 --- [phonebook] [main] org.hibernate.orm.connections.pooling    : HHH10001005: Database info:
	Database JDBC URL [jdbc:sqlserver://localhost:1433;connectRetryInterval=10;connectRetryCount=1;maxResultBuffer=-1;sendTemporalDataTypesAsStringForBulkCopy=true;delayLoadingLobs=true;useFmtOnly=false;cacheBulkCopyMetadata=false;bulkCopyForBatchInsertAllowEncryptedValueModifications=false;bulkCopyForBatchInsertTableLock=false;bulkCopyForBatchInsertKeepNulls=false;bulkCopyForBatchInsertKeepIdentity=false;bulkCopyForBatchInsertFireTriggers=false;bulkCopyForBatchInsertCheckConstraints=false;bulkCopyForBatchInsertBatchSize=0;useBulkCopyForBatchInsert=false;cancelQueryTimeout=-1;sslProtocol=TLS;calcBigDecimalPrecision=false;useDefaultJaasConfig=false;jaasConfigurationName=SQLJDBCDriver;statementPoolingCacheSize=0;serverPreparedStatementDiscardThreshold=10;enablePrepareOnFirstPreparedStatementCall=false;fips=false;socketTimeout=0;authentication=NotSpecified;authenticationScheme=nativeAuthentication;xopenStates=false;datetimeParameterType=datetime2;sendTimeAsDatetime=true;replication=false;trustStoreType=JKS;trustServerCertificate=true;TransparentNetworkIPResolution=true;iPAddressPreference=IPv4First;serverNameAsACE=false;sendStringParametersAsUnicode=true;selectMethod=direct;responseBuffering=adaptive;queryTimeout=-1;packetSize=8000;multiSubnetFailover=false;loginTimeout=30;lockTimeout=-1;lastUpdateCount=true;useDefaultGSSCredential=false;prepareMethod=prepexec;encrypt=false;disableStatementPooling=true;databaseName=PHONEBOOK;columnEncryptionSetting=Disabled;applicationName=Microsoft JDBC Driver for SQL Server;applicationIntent=readwrite;]
	Database driver: Microsoft JDBC Driver 12.10 for SQL Server
	Database version: 16.0
	Autocommit mode: undefined/unknown
	Isolation level: READ_COMMITTED [default READ_COMMITTED]
	Pool: DatasourceConnectionProviderImpl
	Minimum pool size: undefined/unknown
	Maximum pool size: undefined/unknown
2025-08-10T18:08:38.589+06:00  INFO 2876 --- [phonebook] [main] o.h.e.t.j.p.i.JtaPlatformInitiator       : HHH000489: No JTA platform available (set 'hibernate.transaction.jta.platform' to enable JTA platform integration)
2025-08-10T18:08:38.611+06:00  INFO 2876 --- [phonebook] [main] j.LocalContainerEntityManagerFactoryBean : Initialized JPA EntityManagerFactory for persistence unit 'default'
2025-08-10T18:08:38.986+06:00  INFO 2876 --- [phonebook] [main] o.s.d.j.r.query.QueryEnhancerFactories   : Hibernate is in classpath; If applicable, HQL parser will be used.
2025-08-10T18:08:41.100+06:00  WARN 2876 --- [phonebook] [main] JpaBaseConfiguration$JpaWebConfiguration : spring.jpa.open-in-view is enabled by default. Therefore, database queries may be performed during view rendering. Explicitly configure spring.jpa.open-in-view to disable this warning
2025-08-10T18:08:41.646+06:00  INFO 2876 --- [phonebook] [main] o.s.boot.tomcat.TomcatWebServer          : Tomcat started on port 8080 (http) with context path '/'
2025-08-10T18:08:41.668+06:00  INFO 2876 --- [phonebook] [main] c.p.s.phonebook.PhonebookApplication     : Started PhonebookApplication in 9.848 seconds (process running for 10.7)
2025-08-10T18:10:09.519+06:00  INFO 2876 --- [phonebook] [http-nio-8080-exec-1] o.a.c.c.C.[Tomcat].[localhost].[/]       : Initializing Spring DispatcherServlet 'dispatcherServlet'
2025-08-10T18:10:09.519+06:00  INFO 2876 --- [phonebook] [http-nio-8080-exec-1] o.s.web.servlet.DispatcherServlet        : Initializing Servlet 'dispatcherServlet'
2025-08-10T18:10:09.521+06:00  INFO 2876 --- [phonebook] [http-nio-8080-exec-1] o.s.web.servlet.DispatcherServlet        : Completed initialization in 2 ms
2025-08-10T18:16:25.514+06:00  INFO 2876 --- [phonebook] [SpringApplicationShutdownHook] o.s.boot.tomcat.GracefulShutdown         : Commencing graceful shutdown. Waiting for active requests to complete
2025-08-10T18:16:25.535+06:00  INFO 2876 --- [phonebook] [tomcat-shutdown] o.s.boot.tomcat.GracefulShutdown         : Graceful shutdown complete
2025-08-10T18:16:25.555+06:00  INFO 2876 --- [phonebook] [SpringApplicationShutdownHook] j.LocalContainerEntityManagerFactoryBean : Closing JPA EntityManagerFactory for persistence unit 'default'
2025-08-10T18:16:25.585+06:00  INFO 2876 --- [phonebook] [SpringApplicationShutdownHook] com.zaxxer.hikari.HikariDataSource       : HikariPool-1 - Shutdown initiated...
2025-08-10T18:16:25.601+06:00  INFO 2876 --- [phonebook] [SpringApplicationShutdownHook] com.zaxxer.hikari.HikariDataSource       : HikariPool-1 - Shutdown completed.
2025-08-10T18:16:31.733+06:00  INFO 17572 --- [phonebook] [main] c.p.s.phonebook.PhonebookApplication     : Starting PhonebookApplication using Java 24.0.1 with PID 17572 (E:\PHONEBOOK\phonebook_backend\phonebook\target\classes started by Fatihun Raiyan Khan in E:\PHONEBOOK\phonebook_backend\phonebook)
2025-08-10T18:16:31.737+06:00  INFO 17572 --- [phonebook] [main] c.p.s.phonebook.PhonebookApplication     : The following 1 profile is active: "dev"
2025-08-10T18:16:33.201+06:00  INFO 17572 --- [phonebook] [main] .s.d.r.c.RepositoryConfigurationDelegate : Bootstrapping Spring Data JPA repositories in DEFAULT mode.
2025-08-10T18:16:33.328+06:00  INFO 17572 --- [phonebook] [main] .s.d.r.c.RepositoryConfigurationDelegate : Finished Spring Data repository scanning in 105 ms. Found 1 JPA repository interface.
2025-08-10T18:16:34.468+06:00  INFO 17572 --- [phonebook] [main] o.s.boot.tomcat.TomcatWebServer          : Tomcat initialized with port 8080 (http)
2025-08-10T18:16:34.499+06:00  INFO 17572 --- [phonebook] [main] o.apache.catalina.core.StandardService   : Starting service [Tomcat]
2025-08-10T18:16:34.500+06:00  INFO 17572 --- [phonebook] [main] o.apache.catalina.core.StandardEngine    : Starting Servlet engine: [Apache Tomcat/11.0.9]
2025-08-10T18:16:34.621+06:00  INFO 17572 --- [phonebook] [main] b.w.c.s.WebApplicationContextInitializer : Root WebApplicationContext: initialization completed in 2800 ms
2025-08-10T18:16:35.062+06:00  INFO 17572 --- [phonebook] [main] o.hibernate.jpa.internal.util.LogHelper  : HHH000204: Processing PersistenceUnitInfo [name: default]
2025-08-10T18:16:35.163+06:00  INFO 17572 --- [phonebook] [main] org.hibernate.Version                    : HHH000412: Hibernate ORM core version 7.0.7.Final
2025-08-10T18:16:35.884+06:00  INFO 17572 --- [phonebook] [main] o.s.o.j.p.SpringPersistenceUnitInfo      : No LoadTimeWeaver setup: ignoring JPA class transformer
2025-08-10T18:16:35.925+06:00  INFO 17572 --- [phonebook] [main] com.zaxxer.hikari.HikariDataSource       : HikariPool-1 - Starting...
2025-08-10T18:16:36.371+06:00  INFO 17572 --- [phonebook] [main] com.zaxxer.hikari.pool.HikariPool        : HikariPool-1 - Added connection ConnectionID:1 ClientConnectionId: 9914fb5f-fb73-4e33-b0a4-60ec5c96cd7c
2025-08-10T18:16:36.373+06:00  INFO 17572 --- [phonebook] [main] com.zaxxer.hikari.HikariDataSource       : HikariPool-1 - Start completed.
2025-08-10T18:16:36.510+06:00  WARN 17572 --- [phonebook] [main] org.hibernate.orm.deprecation            : HHH90000025: SQLServerDialect does not need to be specified explicitly using 'hibernate.dialect' (remove the property setting and it will be selected by default)
2025-08-10T18:16:36.545+06:00  INFO 17572 --- [phonebook] [main] org.hibernate.orm.connections.pooling    : HHH10001005: Database info:
	Database JDBC URL [jdbc:sqlserver://localhost:1433;connectRetryInterval=10;connectRetryCount=1;maxResultBuffer=-1;sendTemporalDataTypesAsStringForBulkCopy=true;delayLoadingLobs=true;useFmtOnly=false;cacheBulkCopyMetadata=false;bulkCopyForBatchInsertAllowEncryptedValueModifications=false;bulkCopyForBatchInsertTableLock=false;bulkCopyForBatchInsertKeepNulls=false;bulkCopyForBatchInsertKeepIdentity=false;bulkCopyForBatchInsertFireTriggers=false;bulkCopyForBatchInsertCheckConstraints=false;bulkCopyForBatchInsertBatchSize=0;useBulkCopyForBatchInsert=false;cancelQueryTimeout=-1;sslProtocol=TLS;calcBigDecimalPrecision=false;useDefaultJaasConfig=false;jaasConfigurationName=SQLJDBCDriver;statementPoolingCacheSize=0;serverPreparedStatementDiscardThreshold=10;enablePrepareOnFirstPreparedStatementCall=false;fips=false;socketTimeout=0;authentication=NotSpecified;authenticationScheme=nativeAuthentication;xopenStates=false;datetimeParameterType=datetime2;sendTimeAsDatetime=true;replication=false;trustStoreType=JKS;trustServerCertificate=true;TransparentNetworkIPResolution=true;iPAddressPreference=IPv4First;serverNameAsACE=false;sendStringParametersAsUnicode=true;selectMethod=direct;responseBuffering=adaptive;queryTimeout=-1;packetSize=8000;multiSubnetFailover=false;loginTimeout=30;lockTimeout=-1;lastUpdateCount=true;useDefaultGSSCredential=false;prepareMethod=prepexec;encrypt=false;disableStatementPooling=true;databaseName=PHONEBOOK;columnEncryptionSetting=Disabled;applicationName=Microsoft JDBC Driver for SQL Server;applicationIntent=readwrite;]
	Database driver: Microsoft JDBC Driver 12.10 for SQL Server
	Database version: 16.0
	Autocommit mode: undefined/unknown
	Isolation level: READ_COMMITTED [default READ_COMMITTED]
	Pool: DatasourceConnectionProviderImpl
	Minimum pool size: undefined/unknown
	Maximum pool size: undefined/unknown
2025-08-10T18:16:37.807+06:00  INFO 17572 --- [phonebook] [main] o.h.e.t.j.p.i.JtaPlatformInitiator       : HHH000489: No JTA platform available (set 'hibernate.transaction.jta.platform' to enable JTA platform integration)
2025-08-10T18:16:37.833+06:00  INFO 17572 --- [phonebook] [main] j.LocalContainerEntityManagerFactoryBean : Initialized JPA EntityManagerFactory for persistence unit 'default'
2025-08-10T18:16:37.971+06:00  INFO 17572 --- [phonebook] [main] o.s.d.j.r.query.QueryEnhancerFactories   : Hibernate is in classpath; If applicable, HQL parser will be used.
2025-08-10T18:16:40.147+06:00  WARN 17572 --- [phonebook] [main] JpaBaseConfiguration$JpaWebConfiguration : spring.jpa.open-in-view is enabled by default. Therefore, database queries may be performed during view rendering. Explicitly configure spring.jpa.open-in-view to disable this warning
2025-08-10T18:16:40.993+06:00  INFO 17572 --- [phonebook] [main] o.s.boot.tomcat.TomcatWebServer          : Tomcat started on port 8080 (http) with context path '/'
2025-08-10T18:16:41.011+06:00  INFO 17572 --- [phonebook] [main] c.p.s.phonebook.PhonebookApplication     : Started PhonebookApplication in 10.166 seconds (process running for 10.928)
2025-08-10T18:16:48.896+06:00  INFO 17572 --- [phonebook] [http-nio-8080-exec-1] o.a.c.c.C.[Tomcat].[localhost].[/]       : Initializing Spring DispatcherServlet 'dispatcherServlet'
2025-08-10T18:16:48.896+06:00  INFO 17572 --- [phonebook] [http-nio-8080-exec-1] o.s.web.servlet.DispatcherServlet        : Initializing Servlet 'dispatcherServlet'
2025-08-10T18:16:48.899+06:00  INFO 17572 --- [phonebook] [http-nio-8080-exec-1] o.s.web.servlet.DispatcherServlet        : Completed initialization in 2 ms
2025-08-10T18:19:00.146+06:00  INFO 17572 --- [phonebook] [SpringApplicationShutdownHook] o.s.boot.tomcat.GracefulShutdown         : Commencing graceful shutdown. Waiting for active requests to complete
2025-08-10T18:19:00.154+06:00  INFO 17572 --- [phonebook] [tomcat-shutdown] o.s.boot.tomcat.GracefulShutdown         : Graceful shutdown complete
2025-08-10T18:19:00.158+06:00  INFO 17572 --- [phonebook] [SpringApplicationShutdownHook] j.LocalContainerEntityManagerFactoryBean : Closing JPA EntityManagerFactory for persistence unit 'default'
2025-08-10T18:19:00.160+06:00  INFO 17572 --- [phonebook] [SpringApplicationShutdownHook] com.zaxxer.hikari.HikariDataSource       : HikariPool-1 - Shutdown initiated...
2025-08-10T18:19:00.163+06:00  INFO 17572 --- [phonebook] [SpringApplicationShutdownHook] com.zaxxer.hikari.HikariDataSource       : HikariPool-1 - Shutdown completed.
2025-08-10T18:19:03.180+06:00  INFO 20464 --- [phonebook] [main] c.p.s.phonebook.PhonebookApplication     : Starting PhonebookApplication using Java 24.0.1 with PID 20464 (E:\PHONEBOOK\phonebook_backend\phonebook\target\classes started by Fatihun Raiyan Khan in E:\PHONEBOOK\phonebook_backend\phonebook)
2025-08-10T18:19:03.187+06:00  INFO 20464 --- [phonebook] [main] c.p.s.phonebook.PhonebookApplication     : The following 1 profile is active: "dev"
2025-08-10T18:19:04.263+06:00  INFO 20464 --- [phonebook] [main] .s.d.r.c.RepositoryConfigurationDelegate : Bootstrapping Spring Data JPA repositories in DEFAULT mode.
2025-08-10T18:19:04.345+06:00  INFO 20464 --- [phonebook] [main] .s.d.r.c.RepositoryConfigurationDelegate : Finished Spring Data repository scanning in 69 ms. Found 1 JPA repository interface.
2025-08-10T18:19:05.100+06:00  INFO 20464 --- [phonebook] [main] o.s.boot.tomcat.TomcatWebServer          : Tomcat initialized with port 8080 (http)
2025-08-10T18:19:05.116+06:00  INFO 20464 --- [phonebook] [main] o.apache.catalina.core.StandardService   : Starting service [Tomcat]
2025-08-10T18:19:05.116+06:00  INFO 20464 --- [phonebook] [main] o.apache.catalina.core.StandardEngine    : Starting Servlet engine: [Apache Tomcat/11.0.9]
2025-08-10T18:19:05.198+06:00  INFO 20464 --- [phonebook] [main] b.w.c.s.WebApplicationContextInitializer : Root WebApplicationContext: initialization completed in 1906 ms
2025-08-10T18:19:05.530+06:00  INFO 20464 --- [phonebook] [main] o.hibernate.jpa.internal.util.LogHelper  : HHH000204: Processing PersistenceUnitInfo [name: default]
2025-08-10T18:19:05.613+06:00  INFO 20464 --- [phonebook] [main] org.hibernate.Version                    : HHH000412: Hibernate ORM core version 7.0.7.Final
2025-08-10T18:19:06.370+06:00  INFO 20464 --- [phonebook] [main] o.s.o.j.p.SpringPersistenceUnitInfo      : No LoadTimeWeaver setup: ignoring JPA class transformer
2025-08-10T18:19:06.412+06:00  INFO 20464 --- [phonebook] [main] com.zaxxer.hikari.HikariDataSource       : HikariPool-1 - Starting...
2025-08-10T18:19:06.867+06:00  INFO 20464 --- [phonebook] [main] com.zaxxer.hikari.pool.HikariPool        : HikariPool-1 - Added connection ConnectionID:1 ClientConnectionId: db6c7dec-5923-4f85-9ba9-5d84b0124e23
2025-08-10T18:19:06.870+06:00  INFO 20464 --- [phonebook] [main] com.zaxxer.hikari.HikariDataSource       : HikariPool-1 - Start completed.
2025-08-10T18:19:06.940+06:00  WARN 20464 --- [phonebook] [main] org.hibernate.orm.deprecation            : HHH90000025: SQLServerDialect does not need to be specified explicitly using 'hibernate.dialect' (remove the property setting and it will be selected by default)
2025-08-10T18:19:06.961+06:00  INFO 20464 --- [phonebook] [main] org.hibernate.orm.connections.pooling    : HHH10001005: Database info:
	Database JDBC URL [jdbc:sqlserver://localhost:1433;connectRetryInterval=10;connectRetryCount=1;maxResultBuffer=-1;sendTemporalDataTypesAsStringForBulkCopy=true;delayLoadingLobs=true;useFmtOnly=false;cacheBulkCopyMetadata=false;bulkCopyForBatchInsertAllowEncryptedValueModifications=false;bulkCopyForBatchInsertTableLock=false;bulkCopyForBatchInsertKeepNulls=false;bulkCopyForBatchInsertKeepIdentity=false;bulkCopyForBatchInsertFireTriggers=false;bulkCopyForBatchInsertCheckConstraints=false;bulkCopyForBatchInsertBatchSize=0;useBulkCopyForBatchInsert=false;cancelQueryTimeout=-1;sslProtocol=TLS;calcBigDecimalPrecision=false;useDefaultJaasConfig=false;jaasConfigurationName=SQLJDBCDriver;statementPoolingCacheSize=0;serverPreparedStatementDiscardThreshold=10;enablePrepareOnFirstPreparedStatementCall=false;fips=false;socketTimeout=0;authentication=NotSpecified;authenticationScheme=nativeAuthentication;xopenStates=false;datetimeParameterType=datetime2;sendTimeAsDatetime=true;replication=false;trustStoreType=JKS;trustServerCertificate=true;TransparentNetworkIPResolution=true;iPAddressPreference=IPv4First;serverNameAsACE=false;sendStringParametersAsUnicode=true;selectMethod=direct;responseBuffering=adaptive;queryTimeout=-1;packetSize=8000;multiSubnetFailover=false;loginTimeout=30;lockTimeout=-1;lastUpdateCount=true;useDefaultGSSCredential=false;prepareMethod=prepexec;encrypt=false;disableStatementPooling=true;databaseName=PHONEBOOK;columnEncryptionSetting=Disabled;applicationName=Microsoft JDBC Driver for SQL Server;applicationIntent=readwrite;]
	Database driver: Microsoft JDBC Driver 12.10 for SQL Server
	Database version: 16.0
	Autocommit mode: undefined/unknown
	Isolation level: READ_COMMITTED [default READ_COMMITTED]
	Pool: DatasourceConnectionProviderImpl
	Minimum pool size: undefined/unknown
	Maximum pool size: undefined/unknown
2025-08-10T18:19:08.061+06:00  INFO 20464 --- [phonebook] [main] o.h.e.t.j.p.i.JtaPlatformInitiator       : HHH000489: No JTA platform available (set 'hibernate.transaction.jta.platform' to enable JTA platform integration)
2025-08-10T18:19:08.072+06:00  INFO 20464 --- [phonebook] [main] j.LocalContainerEntityManagerFactoryBean : Initialized JPA EntityManagerFactory for persistence unit 'default'
2025-08-10T18:19:08.184+06:00  INFO 20464 --- [phonebook] [main] o.s.d.j.r.query.QueryEnhancerFactories   : Hibernate is in classpath; If applicable, HQL parser will be used.
2025-08-10T18:19:09.861+06:00  WARN 20464 --- [phonebook] [main] JpaBaseConfiguration$JpaWebConfiguration : spring.jpa.open-in-view is enabled by default. Therefore, database queries may be performed during view rendering. Explicitly configure spring.jpa.open-in-view to disable this warning
2025-08-10T18:19:10.342+06:00  INFO 20464 --- [phonebook] [main] o.s.boot.tomcat.TomcatWebServer          : Tomcat started on port 8080 (http) with context path '/'
2025-08-10T18:19:10.353+06:00  INFO 20464 --- [phonebook] [main] c.p.s.phonebook.PhonebookApplication     : Started PhonebookApplication in 8.146 seconds (process running for 8.907)
2025-08-10T18:21:23.130+06:00  INFO 20464 --- [phonebook] [SpringApplicationShutdownHook] o.s.boot.tomcat.GracefulShutdown         : Commencing graceful shutdown. Waiting for active requests to complete
2025-08-10T18:21:23.139+06:00  INFO 20464 --- [phonebook] [tomcat-shutdown] o.s.boot.tomcat.GracefulShutdown         : Graceful shutdown complete
2025-08-10T18:21:23.144+06:00  INFO 20464 --- [phonebook] [SpringApplicationShutdownHook] j.LocalContainerEntityManagerFactoryBean : Closing JPA EntityManagerFactory for persistence unit 'default'
2025-08-10T18:21:23.146+06:00  INFO 20464 --- [phonebook] [SpringApplicationShutdownHook] com.zaxxer.hikari.HikariDataSource       : HikariPool-1 - Shutdown initiated...
2025-08-10T18:21:23.149+06:00  INFO 20464 --- [phonebook] [SpringApplicationShutdownHook] com.zaxxer.hikari.HikariDataSource       : HikariPool-1 - Shutdown completed.
2025-08-10T18:21:28.273+06:00  INFO 22544 --- [phonebook] [main] c.p.s.phonebook.PhonebookApplication     : Starting PhonebookApplication using Java 24.0.1 with PID 22544 (E:\PHONEBOOK\phonebook_backend\phonebook\target\classes started by Fatihun Raiyan Khan in E:\PHONEBOOK\phonebook_backend\phonebook)
2025-08-10T18:21:28.278+06:00  INFO 22544 --- [phonebook] [main] c.p.s.phonebook.PhonebookApplication     : The following 1 profile is active: "dev"
2025-08-10T18:21:29.308+06:00  INFO 22544 --- [phonebook] [main] .s.d.r.c.RepositoryConfigurationDelegate : Bootstrapping Spring Data JPA repositories in DEFAULT mode.
2025-08-10T18:21:29.395+06:00  INFO 22544 --- [phonebook] [main] .s.d.r.c.RepositoryConfigurationDelegate : Finished Spring Data repository scanning in 72 ms. Found 1 JPA repository interface.
2025-08-10T18:21:30.063+06:00  INFO 22544 --- [phonebook] [main] o.s.boot.tomcat.TomcatWebServer          : Tomcat initialized with port 8080 (http)
2025-08-10T18:21:30.080+06:00  INFO 22544 --- [phonebook] [main] o.apache.catalina.core.StandardService   : Starting service [Tomcat]
2025-08-10T18:21:30.081+06:00  INFO 22544 --- [phonebook] [main] o.apache.catalina.core.StandardEngine    : Starting Servlet engine: [Apache Tomcat/11.0.9]
2025-08-10T18:21:30.165+06:00  INFO 22544 --- [phonebook] [main] b.w.c.s.WebApplicationContextInitializer : Root WebApplicationContext: initialization completed in 1814 ms
2025-08-10T18:21:30.465+06:00  INFO 22544 --- [phonebook] [main] o.hibernate.jpa.internal.util.LogHelper  : HHH000204: Processing PersistenceUnitInfo [name: default]
2025-08-10T18:21:30.530+06:00  INFO 22544 --- [phonebook] [main] org.hibernate.Version                    : HHH000412: Hibernate ORM core version 7.0.7.Final
2025-08-10T18:21:31.149+06:00  INFO 22544 --- [phonebook] [main] o.s.o.j.p.SpringPersistenceUnitInfo      : No LoadTimeWeaver setup: ignoring JPA class transformer
2025-08-10T18:21:31.194+06:00  INFO 22544 --- [phonebook] [main] com.zaxxer.hikari.HikariDataSource       : HikariPool-1 - Starting...
2025-08-10T18:21:31.593+06:00  INFO 22544 --- [phonebook] [main] com.zaxxer.hikari.pool.HikariPool        : HikariPool-1 - Added connection ConnectionID:1 ClientConnectionId: 999fcf40-882d-4ce4-b1ea-9e5a9e3052da
2025-08-10T18:21:31.594+06:00  INFO 22544 --- [phonebook] [main] com.zaxxer.hikari.HikariDataSource       : HikariPool-1 - Start completed.
2025-08-10T18:21:31.683+06:00  WARN 22544 --- [phonebook] [main] org.hibernate.orm.deprecation            : HHH90000025: SQLServerDialect does not need to be specified explicitly using 'hibernate.dialect' (remove the property setting and it will be selected by default)
2025-08-10T18:21:31.702+06:00  INFO 22544 --- [phonebook] [main] org.hibernate.orm.connections.pooling    : HHH10001005: Database info:
	Database JDBC URL [jdbc:sqlserver://localhost:1433;connectRetryInterval=10;connectRetryCount=1;maxResultBuffer=-1;sendTemporalDataTypesAsStringForBulkCopy=true;delayLoadingLobs=true;useFmtOnly=false;cacheBulkCopyMetadata=false;bulkCopyForBatchInsertAllowEncryptedValueModifications=false;bulkCopyForBatchInsertTableLock=false;bulkCopyForBatchInsertKeepNulls=false;bulkCopyForBatchInsertKeepIdentity=false;bulkCopyForBatchInsertFireTriggers=false;bulkCopyForBatchInsertCheckConstraints=false;bulkCopyForBatchInsertBatchSize=0;useBulkCopyForBatchInsert=false;cancelQueryTimeout=-1;sslProtocol=TLS;calcBigDecimalPrecision=false;useDefaultJaasConfig=false;jaasConfigurationName=SQLJDBCDriver;statementPoolingCacheSize=0;serverPreparedStatementDiscardThreshold=10;enablePrepareOnFirstPreparedStatementCall=false;fips=false;socketTimeout=0;authentication=NotSpecified;authenticationScheme=nativeAuthentication;xopenStates=false;datetimeParameterType=datetime2;sendTimeAsDatetime=true;replication=false;trustStoreType=JKS;trustServerCertificate=true;TransparentNetworkIPResolution=true;iPAddressPreference=IPv4First;serverNameAsACE=false;sendStringParametersAsUnicode=true;selectMethod=direct;responseBuffering=adaptive;queryTimeout=-1;packetSize=8000;multiSubnetFailover=false;loginTimeout=30;lockTimeout=-1;lastUpdateCount=true;useDefaultGSSCredential=false;prepareMethod=prepexec;encrypt=false;disableStatementPooling=true;databaseName=PHONEBOOK;columnEncryptionSetting=Disabled;applicationName=Microsoft JDBC Driver for SQL Server;applicationIntent=readwrite;]
	Database driver: Microsoft JDBC Driver 12.10 for SQL Server
	Database version: 16.0
	Autocommit mode: undefined/unknown
	Isolation level: READ_COMMITTED [default READ_COMMITTED]
	Pool: DatasourceConnectionProviderImpl
	Minimum pool size: undefined/unknown
	Maximum pool size: undefined/unknown
2025-08-10T18:21:32.715+06:00  INFO 22544 --- [phonebook] [main] o.h.e.t.j.p.i.JtaPlatformInitiator       : HHH000489: No JTA platform available (set 'hibernate.transaction.jta.platform' to enable JTA platform integration)
2025-08-10T18:21:32.723+06:00  INFO 22544 --- [phonebook] [main] j.LocalContainerEntityManagerFactoryBean : Initialized JPA EntityManagerFactory for persistence unit 'default'
2025-08-10T18:21:32.853+06:00  INFO 22544 --- [phonebook] [main] o.s.d.j.r.query.QueryEnhancerFactories   : Hibernate is in classpath; If applicable, HQL parser will be used.
2025-08-10T18:21:34.566+06:00  WARN 22544 --- [phonebook] [main] JpaBaseConfiguration$JpaWebConfiguration : spring.jpa.open-in-view is enabled by default. Therefore, database queries may be performed during view rendering. Explicitly configure spring.jpa.open-in-view to disable this warning
2025-08-10T18:21:34.964+06:00  INFO 22544 --- [phonebook] [main] o.s.boot.tomcat.TomcatWebServer          : Tomcat started on port 8080 (http) with context path '/'
2025-08-10T18:21:34.977+06:00  INFO 22544 --- [phonebook] [main] c.p.s.phonebook.PhonebookApplication     : Started PhonebookApplication in 7.38 seconds (process running for 8.037)
2025-08-10T18:21:42.123+06:00  INFO 22544 --- [phonebook] [http-nio-8080-exec-1] o.a.c.c.C.[Tomcat].[localhost].[/]       : Initializing Spring DispatcherServlet 'dispatcherServlet'
2025-08-10T18:21:42.123+06:00  INFO 22544 --- [phonebook] [http-nio-8080-exec-1] o.s.web.servlet.DispatcherServlet        : Initializing Servlet 'dispatcherServlet'
2025-08-10T18:21:42.125+06:00  INFO 22544 --- [phonebook] [http-nio-8080-exec-1] o.s.web.servlet.DispatcherServlet        : Completed initialization in 1 ms
2025-08-10T18:21:55.480+06:00  INFO 22544 --- [phonebook] [SpringApplicationShutdownHook] o.s.boot.tomcat.GracefulShutdown         : Commencing graceful shutdown. Waiting for active requests to complete
2025-08-10T18:21:55.488+06:00  INFO 22544 --- [phonebook] [tomcat-shutdown] o.s.boot.tomcat.GracefulShutdown         : Graceful shutdown complete
2025-08-10T18:21:55.491+06:00  INFO 22544 --- [phonebook] [SpringApplicationShutdownHook] j.LocalContainerEntityManagerFactoryBean : Closing JPA EntityManagerFactory for persistence unit 'default'
2025-08-10T18:21:55.493+06:00  INFO 22544 --- [phonebook] [SpringApplicationShutdownHook] com.zaxxer.hikari.HikariDataSource       : HikariPool-1 - Shutdown initiated...
2025-08-10T18:21:55.497+06:00  INFO 22544 --- [phonebook] [SpringApplicationShutdownHook] com.zaxxer.hikari.HikariDataSource       : HikariPool-1 - Shutdown completed.
